[11-Mar-2024 02:14:19 Europe/Berlin] Hello, errors!
[11-Mar-2024 02:14:43 Europe/Berlin] Hello, errors!
[11-Mar-2024 03:03:20 Europe/Berlin] Hello, errors!
[11-Mar-2024 03:03:21 Europe/Berlin] PHP Parse error:  syntax error, unexpected identifier "createImmutable", expecting variable or "$" in C:\xampp\htdocs\instagram\src\lib\routes.php on line 6
[11-Mar-2024 03:03:26 Europe/Berlin] Hello, errors!
[11-Mar-2024 03:03:26 Europe/Berlin] PHP Parse error:  syntax error, unexpected identifier "createImmutable", expecting variable or "$" in C:\xampp\htdocs\instagram\src\lib\routes.php on line 6
[11-Mar-2024 03:03:56 Europe/Berlin] Hello, errors!
[11-Mar-2024 03:03:56 Europe/Berlin] PHP Warning:  Undefined variable $dotnenv in C:\xampp\htdocs\instagram\src\lib\routes.php on line 7
[11-Mar-2024 03:03:56 Europe/Berlin] PHP Fatal error:  Uncaught Error: Call to a member function load() on null in C:\xampp\htdocs\instagram\src\lib\routes.php:7
Stack trace:
#0 C:\xampp\htdocs\instagram\index.php(11): require()
#1 {main}
  thrown in C:\xampp\htdocs\instagram\src\lib\routes.php on line 7
[11-Mar-2024 03:03:57 Europe/Berlin] Hello, errors!
[11-Mar-2024 03:03:57 Europe/Berlin] PHP Warning:  Undefined variable $dotnenv in C:\xampp\htdocs\instagram\src\lib\routes.php on line 7
[11-Mar-2024 03:03:57 Europe/Berlin] PHP Fatal error:  Uncaught Error: Call to a member function load() on null in C:\xampp\htdocs\instagram\src\lib\routes.php:7
Stack trace:
#0 C:\xampp\htdocs\instagram\index.php(11): require()
#1 {main}
  thrown in C:\xampp\htdocs\instagram\src\lib\routes.php on line 7
[11-Mar-2024 03:03:58 Europe/Berlin] Hello, errors!
[11-Mar-2024 03:03:58 Europe/Berlin] PHP Warning:  Undefined variable $dotnenv in C:\xampp\htdocs\instagram\src\lib\routes.php on line 7
[11-Mar-2024 03:03:58 Europe/Berlin] PHP Fatal error:  Uncaught Error: Call to a member function load() on null in C:\xampp\htdocs\instagram\src\lib\routes.php:7
Stack trace:
#0 C:\xampp\htdocs\instagram\index.php(11): require()
#1 {main}
  thrown in C:\xampp\htdocs\instagram\src\lib\routes.php on line 7
[11-Mar-2024 03:03:58 Europe/Berlin] Hello, errors!
[11-Mar-2024 03:03:58 Europe/Berlin] PHP Warning:  Undefined variable $dotnenv in C:\xampp\htdocs\instagram\src\lib\routes.php on line 7
[11-Mar-2024 03:03:58 Europe/Berlin] PHP Fatal error:  Uncaught Error: Call to a member function load() on null in C:\xampp\htdocs\instagram\src\lib\routes.php:7
Stack trace:
#0 C:\xampp\htdocs\instagram\index.php(11): require()
#1 {main}
  thrown in C:\xampp\htdocs\instagram\src\lib\routes.php on line 7
[11-Mar-2024 03:03:59 Europe/Berlin] Hello, errors!
[11-Mar-2024 03:03:59 Europe/Berlin] PHP Warning:  Undefined variable $dotnenv in C:\xampp\htdocs\instagram\src\lib\routes.php on line 7
[11-Mar-2024 03:03:59 Europe/Berlin] PHP Fatal error:  Uncaught Error: Call to a member function load() on null in C:\xampp\htdocs\instagram\src\lib\routes.php:7
Stack trace:
#0 C:\xampp\htdocs\instagram\index.php(11): require()
#1 {main}
  thrown in C:\xampp\htdocs\instagram\src\lib\routes.php on line 7
[11-Mar-2024 03:05:14 Europe/Berlin] Hello, errors!
[11-Mar-2024 03:05:14 Europe/Berlin] PHP Warning:  Undefined variable $dotnenv in C:\xampp\htdocs\instagram\src\lib\routes.php on line 7
[11-Mar-2024 03:05:14 Europe/Berlin] PHP Fatal error:  Uncaught Error: Call to a member function load() on null in C:\xampp\htdocs\instagram\src\lib\routes.php:7
Stack trace:
#0 C:\xampp\htdocs\instagram\index.php(11): require()
#1 {main}
  thrown in C:\xampp\htdocs\instagram\src\lib\routes.php on line 7
[11-Mar-2024 03:05:14 Europe/Berlin] Hello, errors!
[11-Mar-2024 03:05:14 Europe/Berlin] PHP Warning:  Undefined variable $dotnenv in C:\xampp\htdocs\instagram\src\lib\routes.php on line 7
[11-Mar-2024 03:05:14 Europe/Berlin] PHP Fatal error:  Uncaught Error: Call to a member function load() on null in C:\xampp\htdocs\instagram\src\lib\routes.php:7
Stack trace:
#0 C:\xampp\htdocs\instagram\index.php(11): require()
#1 {main}
  thrown in C:\xampp\htdocs\instagram\src\lib\routes.php on line 7
[11-Mar-2024 03:05:15 Europe/Berlin] Hello, errors!
[11-Mar-2024 03:05:15 Europe/Berlin] PHP Warning:  Undefined variable $dotnenv in C:\xampp\htdocs\instagram\src\lib\routes.php on line 7
[11-Mar-2024 03:05:15 Europe/Berlin] PHP Fatal error:  Uncaught Error: Call to a member function load() on null in C:\xampp\htdocs\instagram\src\lib\routes.php:7
Stack trace:
#0 C:\xampp\htdocs\instagram\index.php(11): require()
#1 {main}
  thrown in C:\xampp\htdocs\instagram\src\lib\routes.php on line 7
[11-Mar-2024 03:05:15 Europe/Berlin] Hello, errors!
[11-Mar-2024 03:05:15 Europe/Berlin] PHP Warning:  Undefined variable $dotnenv in C:\xampp\htdocs\instagram\src\lib\routes.php on line 7
[11-Mar-2024 03:05:15 Europe/Berlin] PHP Fatal error:  Uncaught Error: Call to a member function load() on null in C:\xampp\htdocs\instagram\src\lib\routes.php:7
Stack trace:
#0 C:\xampp\htdocs\instagram\index.php(11): require()
#1 {main}
  thrown in C:\xampp\htdocs\instagram\src\lib\routes.php on line 7
[11-Mar-2024 03:05:15 Europe/Berlin] Hello, errors!
[11-Mar-2024 03:05:15 Europe/Berlin] PHP Warning:  Undefined variable $dotnenv in C:\xampp\htdocs\instagram\src\lib\routes.php on line 7
[11-Mar-2024 03:05:15 Europe/Berlin] PHP Fatal error:  Uncaught Error: Call to a member function load() on null in C:\xampp\htdocs\instagram\src\lib\routes.php:7
Stack trace:
#0 C:\xampp\htdocs\instagram\index.php(11): require()
#1 {main}
  thrown in C:\xampp\htdocs\instagram\src\lib\routes.php on line 7
[11-Mar-2024 03:05:15 Europe/Berlin] Hello, errors!
[11-Mar-2024 03:05:15 Europe/Berlin] PHP Warning:  Undefined variable $dotnenv in C:\xampp\htdocs\instagram\src\lib\routes.php on line 7
[11-Mar-2024 03:05:15 Europe/Berlin] PHP Fatal error:  Uncaught Error: Call to a member function load() on null in C:\xampp\htdocs\instagram\src\lib\routes.php:7
Stack trace:
#0 C:\xampp\htdocs\instagram\index.php(11): require()
#1 {main}
  thrown in C:\xampp\htdocs\instagram\src\lib\routes.php on line 7
[11-Mar-2024 03:05:15 Europe/Berlin] Hello, errors!
[11-Mar-2024 03:05:15 Europe/Berlin] PHP Warning:  Undefined variable $dotnenv in C:\xampp\htdocs\instagram\src\lib\routes.php on line 7
[11-Mar-2024 03:05:15 Europe/Berlin] PHP Fatal error:  Uncaught Error: Call to a member function load() on null in C:\xampp\htdocs\instagram\src\lib\routes.php:7
Stack trace:
#0 C:\xampp\htdocs\instagram\index.php(11): require()
#1 {main}
  thrown in C:\xampp\htdocs\instagram\src\lib\routes.php on line 7
[11-Mar-2024 03:05:15 Europe/Berlin] Hello, errors!
[11-Mar-2024 03:05:15 Europe/Berlin] PHP Warning:  Undefined variable $dotnenv in C:\xampp\htdocs\instagram\src\lib\routes.php on line 7
[11-Mar-2024 03:05:15 Europe/Berlin] PHP Fatal error:  Uncaught Error: Call to a member function load() on null in C:\xampp\htdocs\instagram\src\lib\routes.php:7
Stack trace:
#0 C:\xampp\htdocs\instagram\index.php(11): require()
#1 {main}
  thrown in C:\xampp\htdocs\instagram\src\lib\routes.php on line 7
[11-Mar-2024 03:05:29 Europe/Berlin] Hello, errors!
[11-Mar-2024 03:05:29 Europe/Berlin] PHP Warning:  Undefined variable $dotnenv in C:\xampp\htdocs\instagram\src\lib\routes.php on line 7
[11-Mar-2024 03:05:29 Europe/Berlin] PHP Fatal error:  Uncaught Error: Call to a member function load() on null in C:\xampp\htdocs\instagram\src\lib\routes.php:7
Stack trace:
#0 C:\xampp\htdocs\instagram\index.php(11): require()
#1 {main}
  thrown in C:\xampp\htdocs\instagram\src\lib\routes.php on line 7
[11-Mar-2024 03:05:34 Europe/Berlin] Hello, errors!
[11-Mar-2024 03:05:34 Europe/Berlin] PHP Warning:  Undefined variable $dotnenv in C:\xampp\htdocs\instagram\src\lib\routes.php on line 7
[11-Mar-2024 03:05:34 Europe/Berlin] PHP Fatal error:  Uncaught Error: Call to a member function load() on null in C:\xampp\htdocs\instagram\src\lib\routes.php:7
Stack trace:
#0 C:\xampp\htdocs\instagram\index.php(11): require()
#1 {main}
  thrown in C:\xampp\htdocs\instagram\src\lib\routes.php on line 7
[11-Mar-2024 03:05:53 Europe/Berlin] Hello, errors!
[11-Mar-2024 03:05:59 Europe/Berlin] Hello, errors!
[11-Mar-2024 03:06:00 Europe/Berlin] Hello, errors!
[11-Mar-2024 03:06:02 Europe/Berlin] Hello, errors!
[11-Mar-2024 03:06:05 Europe/Berlin] Hello, errors!
[11-Mar-2024 03:06:10 Europe/Berlin] Hello, errors!
[11-Mar-2024 03:08:15 Europe/Berlin] Hello, errors!
[11-Mar-2024 03:08:26 Europe/Berlin] Hello, errors!
[11-Mar-2024 04:28:51 Europe/Berlin] Hello, errors!
